<?xml version="1.0" encoding="UTF-8"?>
<!-- Generated by org.testng.reporters.JUnitReportReporter -->
<testsuite hostname="RaviBaghel" name="com.incubyte.gmail.test.runner.Runner" tests="1" failures="0" timestamp="23 Feb 2021 11:25:51 GMT" time="55.367" errors="0">
  <testcase name="runScenario" time="55.367" classname="com.incubyte.gmail.test.runner.Runner"/>
</testsuite> <!-- com.incubyte.gmail.test.runner.Runner -->
